<?xml version="1.0" encoding="utf-8" standalone="no"?>
<test-run id="2" testcasecount="6" result="Passed" total="3" passed="3" failed="0" inconclusive="0" skipped="0" asserts="0" engine-version="3.6.0.0" clr-version="4.0.30319.42000" start-time="2017-03-06 19:22:40Z" end-time="2017-03-06 19:22:41Z" duration="0.936287">
  <command-line><![CDATA[Q:\Copybox\monodevelop\main\src\addins\MonoDevelop.Debugger.Win32\packages\NUnit.ConsoleRunner.3.6.0\tools\nunit3-console.exe Q:\Copybox\monodevelop\main\src\addins\MonoDevelop.Debugger.Win32\CorApi.Tests\bin\Debug\CorApi.Tests.dll --inprocess --where:cat==Core--inprocess --where:cat==Core]]></command-line>
  <filter>
    <cat>Core</cat>
  </filter>
  <test-suite type="Assembly" id="0-1009" name="CorApi.Tests.dll" fullname="Q:\Copybox\monodevelop\main\src\addins\MonoDevelop.Debugger.Win32\CorApi.Tests\bin\Debug\CorApi.Tests.dll" runstate="Runnable" testcasecount="6" result="Passed" start-time="2017-03-06 19:22:40Z" end-time="2017-03-06 19:22:41Z" duration="0.444165" total="3" passed="3" failed="0" warnings="0" inconclusive="0" skipped="0" asserts="0">
    <environment framework-version="3.6.1.0" clr-version="4.0.30319.42000" os-version="Microsoft Windows NT 6.2.9200.0" platform="Win32NT" cwd="Q:\Copybox\monodevelop\main\src\addins\MonoDevelop.Debugger.Win32" machine-name="HYPERJET" user="Baltic" user-domain="HYPERJET" culture="en-US" uiculture="en-US" os-architecture="x64" />
    <settings>
      <setting name="ProcessModel" value="InProcess" />
      <setting name="DisposeRunners" value="True" />
      <setting name="WorkDirectory" value="Q:\Copybox\monodevelop\main\src\addins\MonoDevelop.Debugger.Win32" />
      <setting name="ImageRuntimeVersion" value="4.0.30319" />
      <setting name="ImageTargetFrameworkName" value=".NETFramework,Version=v4.5" />
      <setting name="ImageRequiresX86" value="False" />
      <setting name="ImageRequiresDefaultAppDomainAssemblyResolver" value="False" />
      <setting name="NumberOfTestWorkers" value="8" />
    </settings>
    <properties>
      <property name="_PID" value="16204" />
      <property name="_APPDOMAIN" value="domain-" />
    </properties>
    <test-suite type="TestSuite" id="0-1010" name="CorApi" fullname="CorApi" runstate="Runnable" testcasecount="6" result="Passed" start-time="2017-03-06 19:22:40Z" end-time="2017-03-06 19:22:41Z" duration="0.430651" total="3" passed="3" failed="0" warnings="0" inconclusive="0" skipped="0" asserts="0">
      <properties />
      <test-suite type="TestSuite" id="0-1011" name="Tests" fullname="CorApi.Tests" runstate="Runnable" testcasecount="6" result="Passed" start-time="2017-03-06 19:22:40Z" end-time="2017-03-06 19:22:41Z" duration="0.426650" total="3" passed="3" failed="0" warnings="0" inconclusive="0" skipped="0" asserts="0">
        <properties />
        <test-suite type="TestFixture" id="0-1002" name="ConstantsTests" fullname="CorApi.Tests.ConstantsTests" classname="CorApi.Tests.ConstantsTests" runstate="Runnable" testcasecount="4" result="Passed" start-time="2017-03-06 19:22:40Z" end-time="2017-03-06 19:22:40Z" duration="0.019148" total="2" passed="2" failed="0" warnings="0" inconclusive="0" skipped="0" asserts="0">
          <properties />
          <test-case id="0-1005" name="NetCoreApp10ConsoleAppPdbBitShouldExistsInDataFolder" fullname="CorApi.Tests.ConstantsTests.NetCoreApp10ConsoleAppPdbBitShouldExistsInDataFolder" methodname="NetCoreApp10ConsoleAppPdbBitShouldExistsInDataFolder" classname="CorApi.Tests.ConstantsTests" runstate="Runnable" seed="348856409" result="Passed" start-time="2017-03-06 19:22:40Z" end-time="2017-03-06 19:22:40Z" duration="0.004882" asserts="0">
            <properties>
              <property name="Category" value="Core" />
            </properties>
          </test-case>
          <test-case id="0-1006" name="NetCoreApp10ConsoleAppPpdbBitShouldExistsInDataFolder" fullname="CorApi.Tests.ConstantsTests.NetCoreApp10ConsoleAppPpdbBitShouldExistsInDataFolder" methodname="NetCoreApp10ConsoleAppPpdbBitShouldExistsInDataFolder" classname="CorApi.Tests.ConstantsTests" runstate="Runnable" seed="1211451577" result="Passed" start-time="2017-03-06 19:22:40Z" end-time="2017-03-06 19:22:40Z" duration="0.001055" asserts="0">
            <properties>
              <property name="Category" value="Core" />
            </properties>
          </test-case>
        </test-suite>
        <test-suite type="TestFixture" id="0-1007" name="CoreClrBasicTest" fullname="CorApi.Tests.CoreClrBasicTest" classname="CorApi.Tests.CoreClrBasicTest" runstate="Runnable" testcasecount="1" result="Passed" start-time="2017-03-06 19:22:40Z" end-time="2017-03-06 19:22:41Z" duration="0.401703" total="1" passed="1" failed="0" warnings="0" inconclusive="0" skipped="0" asserts="0">
          <properties>
            <property name="Category" value="Core" />
          </properties>
          <test-case id="0-1008" name="BasicTest" fullname="CorApi.Tests.CoreClrBasicTest.BasicTest" methodname="BasicTest" classname="CorApi.Tests.CoreClrBasicTest" runstate="Runnable" seed="14929458" result="Passed" start-time="2017-03-06 19:22:40Z" end-time="2017-03-06 19:22:41Z" duration="0.397783" asserts="0">
            <properties />
          </test-case>
        </test-suite>
      </test-suite>
    </test-suite>
  </test-suite>
</test-run>